<beans xmlns:xsi="http://www.w3.org/2001/XMLSchema-instance"
	xmlns:dubbo="http://dubbo.apache.org/schema/dubbo"
	xmlns="http://www.springframework.org/schema/beans"
	xmlns:p="http://www.springframework.org/schema/p"
	xmlns:context="http://www.springframework.org/schema/context"
	xmlns:mvc="http://www.springframework.org/schema/mvc"
	xsi:schemaLocation="http://www.springframework.org/schema/beans 
	    http://www.springframework.org/schema/beans/spring-beans.xsd
       http://dubbo.apache.org/schema/dubbo 
       http://dubbo.apache.org/schema/dubbo/dubbo.xsd
       http://www.springframework.org/schema/context 
       http://www.springframework.org/schema/context/spring-context.xsd
		http://www.springframework.org/schema/mvc 
		http://www.springframework.org/schema/mvc/spring-mvc.xsd">
		
		<!-- 给单元测试使用 -->
<dubbo:application name="pregnant-web"  >
		<dubbo:parameter key="qos.enable" value="false"/>
	</dubbo:application>
	
	<!-- 注册中心  必须修改 -->
	<dubbo:registry
		address="zookeeper://192.168.152.128:2181"  />
	<!-- 配置扫描包的路径 -->	
	<dubbo:annotation package="com.zhuyiwen.goods.test"/> 
</beans>